Using Spark's default log4j profile: org/apache/spark/log4j-defaults.properties
17/10/28 01:04:23 INFO SparkContext: Running Spark version 1.5.2
17/10/28 01:04:24 WARN NativeCodeLoader: Unable to load native-hadoop library for your platform... using builtin-java classes where applicable
17/10/28 01:04:24 INFO SecurityManager: Changing view acls to: skamthe
17/10/28 01:04:24 INFO SecurityManager: Changing modify acls to: skamthe
17/10/28 01:04:24 INFO SecurityManager: SecurityManager: authentication disabled; ui acls disabled; users with view permissions: Set(skamthe); users with modify permissions: Set(skamthe)
17/10/28 01:04:25 INFO Slf4jLogger: Slf4jLogger started
17/10/28 01:04:25 INFO Remoting: Starting remoting
17/10/28 01:04:25 INFO Remoting: Remoting started; listening on addresses :[akka.tcp://sparkDriver@198.202.116.114:35250]
17/10/28 01:04:25 INFO Utils: Successfully started service 'sparkDriver' on port 35250.
17/10/28 01:04:25 INFO SparkEnv: Registering MapOutputTracker
17/10/28 01:04:25 INFO SparkEnv: Registering BlockManagerMaster
17/10/28 01:04:25 INFO DiskBlockManager: Created local directory at /tmp/blockmgr-25e19e3d-e08f-4031-8efb-5dafd13e4d74
17/10/28 01:04:25 INFO MemoryStore: MemoryStore started with capacity 530.0 MB
17/10/28 01:04:25 INFO HttpFileServer: HTTP File server directory is /tmp/spark-548c676f-d024-40ec-a15f-9a613bd25c70/httpd-968f2253-6ff2-4987-8e5b-01d221bc64ae
17/10/28 01:04:25 INFO HttpServer: Starting HTTP Server
17/10/28 01:04:25 INFO Utils: Successfully started service 'HTTP file server' on port 45117.
17/10/28 01:04:25 INFO SparkEnv: Registering OutputCommitCoordinator
17/10/28 01:04:26 INFO Utils: Successfully started service 'SparkUI' on port 4040.
17/10/28 01:04:26 INFO SparkUI: Started SparkUI at http://198.202.116.114:4040
17/10/28 01:04:26 INFO SparkContext: Added JAR file:/home/skamthe/project3/multiply.jar at http://198.202.116.114:45117/jars/multiply.jar with timestamp 1509177866312
17/10/28 01:04:26 WARN MetricsSystem: Using default name DAGScheduler for source because spark.app.id is not set.
17/10/28 01:04:26 INFO Executor: Starting executor ID driver on host localhost
17/10/28 01:04:26 INFO Utils: Successfully started service 'org.apache.spark.network.netty.NettyBlockTransferService' on port 42071.
17/10/28 01:04:26 INFO NettyBlockTransferService: Server created on 42071
17/10/28 01:04:26 INFO BlockManagerMaster: Trying to register BlockManager
17/10/28 01:04:26 INFO BlockManagerMasterEndpoint: Registering block manager localhost:42071 with 530.0 MB RAM, BlockManagerId(driver, localhost, 42071)
17/10/28 01:04:26 INFO BlockManagerMaster: Registered BlockManager
17/10/28 01:04:27 INFO MemoryStore: ensureFreeSpace(120040) called with curMem=0, maxMem=555755765
17/10/28 01:04:27 INFO MemoryStore: Block broadcast_0 stored as values in memory (estimated size 117.2 KB, free 529.9 MB)
17/10/28 01:04:27 INFO MemoryStore: ensureFreeSpace(12673) called with curMem=120040, maxMem=555755765
17/10/28 01:04:27 INFO MemoryStore: Block broadcast_0_piece0 stored as bytes in memory (estimated size 12.4 KB, free 529.9 MB)
17/10/28 01:04:27 INFO BlockManagerInfo: Added broadcast_0_piece0 in memory on localhost:42071 (size: 12.4 KB, free: 530.0 MB)
17/10/28 01:04:27 INFO SparkContext: Created broadcast 0 from textFile at Multiply.scala:37
17/10/28 01:04:27 INFO MemoryStore: ensureFreeSpace(120080) called with curMem=132713, maxMem=555755765
17/10/28 01:04:27 INFO MemoryStore: Block broadcast_1 stored as values in memory (estimated size 117.3 KB, free 529.8 MB)
17/10/28 01:04:27 INFO MemoryStore: ensureFreeSpace(12673) called with curMem=252793, maxMem=555755765
17/10/28 01:04:27 INFO MemoryStore: Block broadcast_1_piece0 stored as bytes in memory (estimated size 12.4 KB, free 529.8 MB)
17/10/28 01:04:27 INFO BlockManagerInfo: Added broadcast_1_piece0 in memory on localhost:42071 (size: 12.4 KB, free: 530.0 MB)
17/10/28 01:04:28 INFO SparkContext: Created broadcast 1 from textFile at Multiply.scala:40
17/10/28 01:04:28 INFO FileInputFormat: Total input paths to process : 1
17/10/28 01:04:28 INFO FileInputFormat: Total input paths to process : 1
17/10/28 01:04:28 INFO SparkContext: Starting job: foreach at Multiply.scala:46
17/10/28 01:04:28 INFO DAGScheduler: Registering RDD 7 (map at Multiply.scala:43)
17/10/28 01:04:28 INFO DAGScheduler: Registering RDD 6 (map at Multiply.scala:43)
17/10/28 01:04:28 INFO DAGScheduler: Registering RDD 11 (map at Multiply.scala:43)
17/10/28 01:04:28 INFO DAGScheduler: Registering RDD 12 (reduceByKey at Multiply.scala:44)
17/10/28 01:04:28 INFO DAGScheduler: Got job 0 (foreach at Multiply.scala:46) with 1 output partitions
17/10/28 01:04:28 INFO DAGScheduler: Final stage: ResultStage 4(foreach at Multiply.scala:46)
17/10/28 01:04:28 INFO DAGScheduler: Parents of final stage: List(ShuffleMapStage 3)
17/10/28 01:04:28 INFO DAGScheduler: Missing parents: List(ShuffleMapStage 3)
17/10/28 01:04:28 INFO DAGScheduler: Submitting ShuffleMapStage 0 (MapPartitionsRDD[7] at map at Multiply.scala:43), which has no missing parents
17/10/28 01:04:28 INFO MemoryStore: ensureFreeSpace(3728) called with curMem=265466, maxMem=555755765
17/10/28 01:04:28 INFO MemoryStore: Block broadcast_2 stored as values in memory (estimated size 3.6 KB, free 529.8 MB)
17/10/28 01:04:28 INFO MemoryStore: ensureFreeSpace(2168) called with curMem=269194, maxMem=555755765
17/10/28 01:04:28 INFO MemoryStore: Block broadcast_2_piece0 stored as bytes in memory (estimated size 2.1 KB, free 529.8 MB)
17/10/28 01:04:28 INFO BlockManagerInfo: Added broadcast_2_piece0 in memory on localhost:42071 (size: 2.1 KB, free: 530.0 MB)
17/10/28 01:04:28 INFO SparkContext: Created broadcast 2 from broadcast at DAGScheduler.scala:861
17/10/28 01:04:28 INFO DAGScheduler: Submitting 2 missing tasks from ShuffleMapStage 0 (MapPartitionsRDD[7] at map at Multiply.scala:43)
17/10/28 01:04:28 INFO TaskSchedulerImpl: Adding task set 0.0 with 2 tasks
17/10/28 01:04:28 INFO DAGScheduler: Submitting ShuffleMapStage 1 (MapPartitionsRDD[6] at map at Multiply.scala:43), which has no missing parents
17/10/28 01:04:28 INFO MemoryStore: ensureFreeSpace(3728) called with curMem=271362, maxMem=555755765
17/10/28 01:04:28 INFO MemoryStore: Block broadcast_3 stored as values in memory (estimated size 3.6 KB, free 529.7 MB)
17/10/28 01:04:28 INFO MemoryStore: ensureFreeSpace(2167) called with curMem=275090, maxMem=555755765
17/10/28 01:04:28 INFO MemoryStore: Block broadcast_3_piece0 stored as bytes in memory (estimated size 2.1 KB, free 529.7 MB)
17/10/28 01:04:28 INFO BlockManagerInfo: Added broadcast_3_piece0 in memory on localhost:42071 (size: 2.1 KB, free: 530.0 MB)
17/10/28 01:04:28 INFO SparkContext: Created broadcast 3 from broadcast at DAGScheduler.scala:861
17/10/28 01:04:28 INFO DAGScheduler: Submitting 2 missing tasks from ShuffleMapStage 1 (MapPartitionsRDD[6] at map at Multiply.scala:43)
17/10/28 01:04:28 INFO TaskSchedulerImpl: Adding task set 1.0 with 2 tasks
17/10/28 01:04:28 INFO TaskSetManager: Starting task 0.0 in stage 0.0 (TID 0, localhost, PROCESS_LOCAL, 2200 bytes)
17/10/28 01:04:28 INFO TaskSetManager: Starting task 1.0 in stage 0.0 (TID 1, localhost, PROCESS_LOCAL, 2200 bytes)
17/10/28 01:04:28 INFO TaskSetManager: Starting task 0.0 in stage 1.0 (TID 2, localhost, PROCESS_LOCAL, 2200 bytes)
17/10/28 01:04:28 INFO TaskSetManager: Starting task 1.0 in stage 1.0 (TID 3, localhost, PROCESS_LOCAL, 2200 bytes)
17/10/28 01:04:28 INFO Executor: Running task 1.0 in stage 0.0 (TID 1)
17/10/28 01:04:28 INFO Executor: Running task 1.0 in stage 1.0 (TID 3)
17/10/28 01:04:28 INFO Executor: Running task 0.0 in stage 0.0 (TID 0)
17/10/28 01:04:28 INFO Executor: Running task 0.0 in stage 1.0 (TID 2)
17/10/28 01:04:28 INFO Executor: Fetching http://198.202.116.114:45117/jars/multiply.jar with timestamp 1509177866312
17/10/28 01:04:28 INFO Utils: Fetching http://198.202.116.114:45117/jars/multiply.jar to /tmp/spark-548c676f-d024-40ec-a15f-9a613bd25c70/userFiles-4ebc6a9d-9a43-43d7-ad3d-8cee5be13e7e/fetchFileTemp466238745327369780.tmp
17/10/28 01:04:28 INFO Executor: Adding file:/tmp/spark-548c676f-d024-40ec-a15f-9a613bd25c70/userFiles-4ebc6a9d-9a43-43d7-ad3d-8cee5be13e7e/multiply.jar to class loader
17/10/28 01:04:28 INFO HadoopRDD: Input split: file:/home/skamthe/project3/M-matrix-small.txt:0+46
17/10/28 01:04:28 INFO HadoopRDD: Input split: file:/home/skamthe/project3/M-matrix-small.txt:46+46
17/10/28 01:04:28 INFO HadoopRDD: Input split: file:/home/skamthe/project3/N-matrix-small.txt:33+34
17/10/28 01:04:28 INFO HadoopRDD: Input split: file:/home/skamthe/project3/N-matrix-small.txt:0+33
17/10/28 01:04:28 INFO deprecation: mapred.tip.id is deprecated. Instead, use mapreduce.task.id
17/10/28 01:04:28 INFO deprecation: mapred.task.id is deprecated. Instead, use mapreduce.task.attempt.id
17/10/28 01:04:28 INFO deprecation: mapred.task.is.map is deprecated. Instead, use mapreduce.task.ismap
17/10/28 01:04:28 INFO deprecation: mapred.task.partition is deprecated. Instead, use mapreduce.task.partition
17/10/28 01:04:28 INFO deprecation: mapred.job.id is deprecated. Instead, use mapreduce.job.id
17/10/28 01:04:28 INFO Executor: Finished task 1.0 in stage 0.0 (TID 1). 2254 bytes result sent to driver
17/10/28 01:04:28 INFO TaskSetManager: Finished task 1.0 in stage 0.0 (TID 1) in 395 ms on localhost (1/2)
17/10/28 01:04:28 INFO Executor: Finished task 1.0 in stage 1.0 (TID 3). 2254 bytes result sent to driver
17/10/28 01:04:28 INFO TaskSetManager: Finished task 1.0 in stage 1.0 (TID 3) in 404 ms on localhost (1/2)
17/10/28 01:04:28 INFO Executor: Finished task 0.0 in stage 0.0 (TID 0). 2254 bytes result sent to driver
17/10/28 01:04:28 INFO DAGScheduler: ShuffleMapStage 0 (map at Multiply.scala:43) finished in 0.463 s
17/10/28 01:04:28 INFO DAGScheduler: looking for newly runnable stages
17/10/28 01:04:28 INFO DAGScheduler: running: Set(ShuffleMapStage 1)
17/10/28 01:04:28 INFO DAGScheduler: waiting: Set(ShuffleMapStage 2, ShuffleMapStage 3, ResultStage 4)
17/10/28 01:04:28 INFO DAGScheduler: failed: Set()
17/10/28 01:04:28 INFO DAGScheduler: Missing parents for ShuffleMapStage 2: List(ShuffleMapStage 1)
17/10/28 01:04:28 INFO DAGScheduler: Missing parents for ShuffleMapStage 3: List(ShuffleMapStage 2)
17/10/28 01:04:28 INFO DAGScheduler: Missing parents for ResultStage 4: List(ShuffleMapStage 3)
17/10/28 01:04:28 INFO Executor: Finished task 0.0 in stage 1.0 (TID 2). 2254 bytes result sent to driver
17/10/28 01:04:28 INFO TaskSetManager: Finished task 0.0 in stage 0.0 (TID 0) in 466 ms on localhost (2/2)
17/10/28 01:04:28 INFO TaskSchedulerImpl: Removed TaskSet 0.0, whose tasks have all completed, from pool 
17/10/28 01:04:28 INFO DAGScheduler: ShuffleMapStage 1 (map at Multiply.scala:43) finished in 0.443 s
17/10/28 01:04:28 INFO DAGScheduler: looking for newly runnable stages
17/10/28 01:04:28 INFO DAGScheduler: running: Set()
17/10/28 01:04:28 INFO DAGScheduler: waiting: Set(ShuffleMapStage 2, ShuffleMapStage 3, ResultStage 4)
17/10/28 01:04:28 INFO DAGScheduler: failed: Set()
17/10/28 01:04:28 INFO DAGScheduler: Missing parents for ShuffleMapStage 2: List()
17/10/28 01:04:28 INFO DAGScheduler: Missing parents for ShuffleMapStage 3: List(ShuffleMapStage 2)
17/10/28 01:04:28 INFO DAGScheduler: Missing parents for ResultStage 4: List(ShuffleMapStage 3)
17/10/28 01:04:28 INFO DAGScheduler: Submitting ShuffleMapStage 2 (MapPartitionsRDD[11] at map at Multiply.scala:43), which is now runnable
17/10/28 01:04:28 INFO TaskSetManager: Finished task 0.0 in stage 1.0 (TID 2) in 431 ms on localhost (2/2)
17/10/28 01:04:28 INFO TaskSchedulerImpl: Removed TaskSet 1.0, whose tasks have all completed, from pool 
17/10/28 01:04:28 INFO MemoryStore: ensureFreeSpace(3072) called with curMem=277257, maxMem=555755765
17/10/28 01:04:28 INFO MemoryStore: Block broadcast_4 stored as values in memory (estimated size 3.0 KB, free 529.7 MB)
17/10/28 01:04:28 INFO MemoryStore: ensureFreeSpace(1671) called with curMem=280329, maxMem=555755765
17/10/28 01:04:28 INFO MemoryStore: Block broadcast_4_piece0 stored as bytes in memory (estimated size 1671.0 B, free 529.7 MB)
17/10/28 01:04:28 INFO BlockManagerInfo: Added broadcast_4_piece0 in memory on localhost:42071 (size: 1671.0 B, free: 530.0 MB)
17/10/28 01:04:28 INFO SparkContext: Created broadcast 4 from broadcast at DAGScheduler.scala:861
17/10/28 01:04:28 INFO DAGScheduler: Submitting 2 missing tasks from ShuffleMapStage 2 (MapPartitionsRDD[11] at map at Multiply.scala:43)
17/10/28 01:04:28 INFO TaskSchedulerImpl: Adding task set 2.0 with 2 tasks
17/10/28 01:04:28 INFO TaskSetManager: Starting task 0.0 in stage 2.0 (TID 4, localhost, PROCESS_LOCAL, 2019 bytes)
17/10/28 01:04:28 INFO TaskSetManager: Starting task 1.0 in stage 2.0 (TID 5, localhost, PROCESS_LOCAL, 2019 bytes)
17/10/28 01:04:28 INFO Executor: Running task 0.0 in stage 2.0 (TID 4)
17/10/28 01:04:28 INFO Executor: Running task 1.0 in stage 2.0 (TID 5)
17/10/28 01:04:28 INFO ShuffleBlockFetcherIterator: Getting 2 non-empty blocks out of 2 blocks
17/10/28 01:04:28 INFO ShuffleBlockFetcherIterator: Started 0 remote fetches in 7 ms
17/10/28 01:04:28 INFO ShuffleBlockFetcherIterator: Getting 2 non-empty blocks out of 2 blocks
17/10/28 01:04:28 INFO ShuffleBlockFetcherIterator: Getting 2 non-empty blocks out of 2 blocks
17/10/28 01:04:28 INFO ShuffleBlockFetcherIterator: Started 0 remote fetches in 0 ms
17/10/28 01:04:28 INFO ShuffleBlockFetcherIterator: Started 0 remote fetches in 23 ms
17/10/28 01:04:28 INFO ShuffleBlockFetcherIterator: Getting 2 non-empty blocks out of 2 blocks
17/10/28 01:04:28 INFO ShuffleBlockFetcherIterator: Started 0 remote fetches in 0 ms
17/10/28 01:04:29 INFO Executor: Finished task 1.0 in stage 2.0 (TID 5). 1375 bytes result sent to driver
17/10/28 01:04:29 INFO Executor: Finished task 0.0 in stage 2.0 (TID 4). 1375 bytes result sent to driver
17/10/28 01:04:29 INFO TaskSetManager: Finished task 1.0 in stage 2.0 (TID 5) in 103 ms on localhost (1/2)
17/10/28 01:04:29 INFO TaskSetManager: Finished task 0.0 in stage 2.0 (TID 4) in 108 ms on localhost (2/2)
17/10/28 01:04:29 INFO TaskSchedulerImpl: Removed TaskSet 2.0, whose tasks have all completed, from pool 
17/10/28 01:04:29 INFO DAGScheduler: ShuffleMapStage 2 (map at Multiply.scala:43) finished in 0.106 s
17/10/28 01:04:29 INFO DAGScheduler: looking for newly runnable stages
17/10/28 01:04:29 INFO DAGScheduler: running: Set()
17/10/28 01:04:29 INFO DAGScheduler: waiting: Set(ShuffleMapStage 3, ResultStage 4)
17/10/28 01:04:29 INFO DAGScheduler: failed: Set()
17/10/28 01:04:29 INFO DAGScheduler: Missing parents for ShuffleMapStage 3: List()
17/10/28 01:04:29 INFO DAGScheduler: Missing parents for ResultStage 4: List(ShuffleMapStage 3)
17/10/28 01:04:29 INFO DAGScheduler: Submitting ShuffleMapStage 3 (ShuffledRDD[12] at reduceByKey at Multiply.scala:44), which is now runnable
17/10/28 01:04:29 INFO MemoryStore: ensureFreeSpace(2656) called with curMem=282000, maxMem=555755765
17/10/28 01:04:29 INFO MemoryStore: Block broadcast_5 stored as values in memory (estimated size 2.6 KB, free 529.7 MB)
17/10/28 01:04:29 INFO MemoryStore: ensureFreeSpace(1606) called with curMem=284656, maxMem=555755765
17/10/28 01:04:29 INFO MemoryStore: Block broadcast_5_piece0 stored as bytes in memory (estimated size 1606.0 B, free 529.7 MB)
17/10/28 01:04:29 INFO BlockManagerInfo: Added broadcast_5_piece0 in memory on localhost:42071 (size: 1606.0 B, free: 530.0 MB)
17/10/28 01:04:29 INFO SparkContext: Created broadcast 5 from broadcast at DAGScheduler.scala:861
17/10/28 01:04:29 INFO DAGScheduler: Submitting 2 missing tasks from ShuffleMapStage 3 (ShuffledRDD[12] at reduceByKey at Multiply.scala:44)
17/10/28 01:04:29 INFO TaskSchedulerImpl: Adding task set 3.0 with 2 tasks
17/10/28 01:04:29 INFO TaskSetManager: Starting task 0.0 in stage 3.0 (TID 6, localhost, PROCESS_LOCAL, 1946 bytes)
17/10/28 01:04:29 INFO TaskSetManager: Starting task 1.0 in stage 3.0 (TID 7, localhost, PROCESS_LOCAL, 1946 bytes)
17/10/28 01:04:29 INFO Executor: Running task 1.0 in stage 3.0 (TID 7)
17/10/28 01:04:29 INFO Executor: Running task 0.0 in stage 3.0 (TID 6)
17/10/28 01:04:29 INFO ShuffleBlockFetcherIterator: Getting 2 non-empty blocks out of 2 blocks
17/10/28 01:04:29 INFO ShuffleBlockFetcherIterator: Started 0 remote fetches in 0 ms
17/10/28 01:04:29 INFO Executor: Finished task 1.0 in stage 3.0 (TID 7). 1374 bytes result sent to driver
17/10/28 01:04:29 INFO TaskSetManager: Finished task 1.0 in stage 3.0 (TID 7) in 8 ms on localhost (1/2)
17/10/28 01:04:29 INFO ShuffleBlockFetcherIterator: Getting 2 non-empty blocks out of 2 blocks
17/10/28 01:04:29 INFO ShuffleBlockFetcherIterator: Started 0 remote fetches in 0 ms
17/10/28 01:04:29 INFO Executor: Finished task 0.0 in stage 3.0 (TID 6). 1374 bytes result sent to driver
17/10/28 01:04:29 INFO TaskSetManager: Finished task 0.0 in stage 3.0 (TID 6) in 12 ms on localhost (2/2)
17/10/28 01:04:29 INFO TaskSchedulerImpl: Removed TaskSet 3.0, whose tasks have all completed, from pool 
17/10/28 01:04:29 INFO DAGScheduler: ShuffleMapStage 3 (reduceByKey at Multiply.scala:44) finished in 0.004 s
17/10/28 01:04:29 INFO DAGScheduler: looking for newly runnable stages
17/10/28 01:04:29 INFO DAGScheduler: running: Set()
17/10/28 01:04:29 INFO DAGScheduler: waiting: Set(ResultStage 4)
17/10/28 01:04:29 INFO DAGScheduler: failed: Set()
17/10/28 01:04:29 INFO DAGScheduler: Missing parents for ResultStage 4: List()
17/10/28 01:04:29 INFO DAGScheduler: Submitting ResultStage 4 (ShuffledRDD[13] at sortByKey at Multiply.scala:44), which is now runnable
17/10/28 01:04:29 INFO MemoryStore: ensureFreeSpace(2472) called with curMem=286262, maxMem=555755765
17/10/28 01:04:29 INFO MemoryStore: Block broadcast_6 stored as values in memory (estimated size 2.4 KB, free 529.7 MB)
17/10/28 01:04:29 INFO MemoryStore: ensureFreeSpace(1509) called with curMem=288734, maxMem=555755765
17/10/28 01:04:29 INFO MemoryStore: Block broadcast_6_piece0 stored as bytes in memory (estimated size 1509.0 B, free 529.7 MB)
17/10/28 01:04:29 INFO BlockManagerInfo: Added broadcast_6_piece0 in memory on localhost:42071 (size: 1509.0 B, free: 530.0 MB)
17/10/28 01:04:29 INFO SparkContext: Created broadcast 6 from broadcast at DAGScheduler.scala:861
17/10/28 01:04:29 INFO DAGScheduler: Submitting 1 missing tasks from ResultStage 4 (ShuffledRDD[13] at sortByKey at Multiply.scala:44)
17/10/28 01:04:29 INFO TaskSchedulerImpl: Adding task set 4.0 with 1 tasks
17/10/28 01:04:29 INFO TaskSetManager: Starting task 0.0 in stage 4.0 (TID 8, localhost, PROCESS_LOCAL, 1957 bytes)
17/10/28 01:04:29 INFO Executor: Running task 0.0 in stage 4.0 (TID 8)
17/10/28 01:04:29 INFO ShuffleBlockFetcherIterator: Getting 2 non-empty blocks out of 2 blocks
17/10/28 01:04:29 INFO ShuffleBlockFetcherIterator: Started 0 remote fetches in 0 ms
((0,0),7.0)
((0,1),-43.0)
((0,2),1.0)
((1,0),45.0)
((1,1),-9.0)
((1,2),1.0)
((2,0),59.0)
((2,1),21.0)
((2,2),-1.0)
((3,0),49.0)
((3,1),56.0)
((3,2),0.0)
17/10/28 01:04:29 INFO Executor: Finished task 0.0 in stage 4.0 (TID 8). 1165 bytes result sent to driver
17/10/28 01:04:29 INFO TaskSetManager: Finished task 0.0 in stage 4.0 (TID 8) in 65 ms on localhost (1/1)
17/10/28 01:04:29 INFO TaskSchedulerImpl: Removed TaskSet 4.0, whose tasks have all completed, from pool 
17/10/28 01:04:29 INFO DAGScheduler: ResultStage 4 (foreach at Multiply.scala:46) finished in 0.067 s
17/10/28 01:04:29 INFO DAGScheduler: Job 0 finished: foreach at Multiply.scala:46, took 0.936502 s
17/10/28 01:04:29 INFO SparkUI: Stopped Spark web UI at http://198.202.116.114:4040
17/10/28 01:04:29 INFO DAGScheduler: Stopping DAGScheduler
17/10/28 01:04:29 INFO MapOutputTrackerMasterEndpoint: MapOutputTrackerMasterEndpoint stopped!
17/10/28 01:04:29 INFO MemoryStore: MemoryStore cleared
17/10/28 01:04:29 INFO BlockManager: BlockManager stopped
17/10/28 01:04:29 INFO BlockManagerMaster: BlockManagerMaster stopped
17/10/28 01:04:29 INFO OutputCommitCoordinator$OutputCommitCoordinatorEndpoint: OutputCommitCoordinator stopped!
17/10/28 01:04:29 INFO SparkContext: Successfully stopped SparkContext
17/10/28 01:04:29 INFO RemoteActorRefProvider$RemotingTerminator: Shutting down remote daemon.
17/10/28 01:04:29 INFO RemoteActorRefProvider$RemotingTerminator: Remote daemon shut down; proceeding with flushing remote transports.
17/10/28 01:04:29 INFO ShutdownHookManager: Shutdown hook called
17/10/28 01:04:29 INFO ShutdownHookManager: Deleting directory /tmp/spark-548c676f-d024-40ec-a15f-9a613bd25c70
